[05-Jul-2017 16:36:27 UTC] PHP Warning:  require(freelancer.scss): failed to open stream: No such file or directory in /home/ubuntu/workspace/src/template.php on line 9
[05-Jul-2017 16:36:27 UTC] PHP Stack trace:
[05-Jul-2017 16:36:27 UTC] PHP   1. {main}() /home/ubuntu/workspace/index.php:0
[05-Jul-2017 16:36:27 UTC] PHP   2. require() /home/ubuntu/workspace/index.php:19
[05-Jul-2017 16:36:27 UTC] PHP Fatal error:  require(): Failed opening required 'freelancer.scss' (include_path='.:/usr/share/php:/usr/share/pear') in /home/ubuntu/workspace/src/template.php on line 9
[05-Jul-2017 16:36:27 UTC] PHP Stack trace:
[05-Jul-2017 16:36:27 UTC] PHP   1. {main}() /home/ubuntu/workspace/index.php:0
[05-Jul-2017 16:36:27 UTC] PHP   2. require() /home/ubuntu/workspace/index.php:19
[05-Jul-2017 16:36:45 UTC] PHP Warning:  require(scss.freelancer.scss): failed to open stream: No such file or directory in /home/ubuntu/workspace/src/template.php on line 9
[05-Jul-2017 16:36:45 UTC] PHP Stack trace:
[05-Jul-2017 16:36:45 UTC] PHP   1. {main}() /home/ubuntu/workspace/index.php:0
[05-Jul-2017 16:36:45 UTC] PHP   2. require() /home/ubuntu/workspace/index.php:19
[05-Jul-2017 16:36:45 UTC] PHP Fatal error:  require(): Failed opening required 'scss.freelancer.scss' (include_path='.:/usr/share/php:/usr/share/pear') in /home/ubuntu/workspace/src/template.php on line 9
[05-Jul-2017 16:36:45 UTC] PHP Stack trace:
[05-Jul-2017 16:36:45 UTC] PHP   1. {main}() /home/ubuntu/workspace/index.php:0
[05-Jul-2017 16:36:45 UTC] PHP   2. require() /home/ubuntu/workspace/index.php:19
[05-Jul-2017 16:36:59 UTC] PHP Warning:  require(assets.scss.freelancer.scss): failed to open stream: No such file or directory in /home/ubuntu/workspace/src/template.php on line 9
[05-Jul-2017 16:36:59 UTC] PHP Stack trace:
[05-Jul-2017 16:36:59 UTC] PHP   1. {main}() /home/ubuntu/workspace/index.php:0
[05-Jul-2017 16:36:59 UTC] PHP   2. require() /home/ubuntu/workspace/index.php:19
[05-Jul-2017 16:36:59 UTC] PHP Fatal error:  require(): Failed opening required 'assets.scss.freelancer.scss' (include_path='.:/usr/share/php:/usr/share/pear') in /home/ubuntu/workspace/src/template.php on line 9
[05-Jul-2017 16:36:59 UTC] PHP Stack trace:
[05-Jul-2017 16:36:59 UTC] PHP   1. {main}() /home/ubuntu/workspace/index.php:0
[05-Jul-2017 16:36:59 UTC] PHP   2. require() /home/ubuntu/workspace/index.php:19
[05-Jul-2017 18:30:53 UTC] PHP Warning:  require(home.php): failed to open stream: No such file or directory in /home/ubuntu/workspace/src/template.php on line 14
[05-Jul-2017 18:30:53 UTC] PHP Stack trace:
[05-Jul-2017 18:30:53 UTC] PHP   1. {main}() /home/ubuntu/workspace/index.php:0
[05-Jul-2017 18:30:53 UTC] PHP   2. require() /home/ubuntu/workspace/index.php:19
[05-Jul-2017 18:30:53 UTC] PHP Fatal error:  require(): Failed opening required 'home.php' (include_path='.:/usr/share/php:/usr/share/pear') in /home/ubuntu/workspace/src/template.php on line 14
[05-Jul-2017 18:30:53 UTC] PHP Stack trace:
[05-Jul-2017 18:30:53 UTC] PHP   1. {main}() /home/ubuntu/workspace/index.php:0
[05-Jul-2017 18:30:53 UTC] PHP   2. require() /home/ubuntu/workspace/index.php:19
[05-Jul-2017 18:31:40 UTC] PHP Warning:  require(home.php): failed to open stream: No such file or directory in /home/ubuntu/workspace/src/template.php on line 14
[05-Jul-2017 18:31:40 UTC] PHP Stack trace:
[05-Jul-2017 18:31:40 UTC] PHP   1. {main}() /home/ubuntu/workspace/index.php:0
[05-Jul-2017 18:31:40 UTC] PHP   2. require() /home/ubuntu/workspace/index.php:19
[05-Jul-2017 18:31:40 UTC] PHP Fatal error:  require(): Failed opening required 'home.php' (include_path='.:/usr/share/php:/usr/share/pear') in /home/ubuntu/workspace/src/template.php on line 14
[05-Jul-2017 18:31:40 UTC] PHP Stack trace:
[05-Jul-2017 18:31:40 UTC] PHP   1. {main}() /home/ubuntu/workspace/index.php:0
[05-Jul-2017 18:31:40 UTC] PHP   2. require() /home/ubuntu/workspace/index.php:19
[06-Jul-2017 23:24:37 UTC] PHP Parse error:  syntax error, unexpected 'die' (T_EXIT) in /home/ubuntu/workspace/src/home.php on line 4
[06-Jul-2017 23:24:37 UTC] PHP Stack trace:
[06-Jul-2017 23:24:37 UTC] PHP   1. {main}() /home/ubuntu/workspace/index.php:0
[06-Jul-2017 23:24:37 UTC] PHP   2. require() /home/ubuntu/workspace/index.php:19
[06-Jul-2017 23:25:00 UTC] PHP Parse error:  syntax error, unexpected end of file in /home/ubuntu/workspace/src/home.php on line 4
[06-Jul-2017 23:25:00 UTC] PHP Stack trace:
[06-Jul-2017 23:25:00 UTC] PHP   1. {main}() /home/ubuntu/workspace/index.php:0
[06-Jul-2017 23:25:00 UTC] PHP   2. require() /home/ubuntu/workspace/index.php:19
[06-Jul-2017 23:25:01 UTC] PHP Parse error:  syntax error, unexpected end of file in /home/ubuntu/workspace/src/home.php on line 4
[06-Jul-2017 23:25:01 UTC] PHP Stack trace:
[06-Jul-2017 23:25:01 UTC] PHP   1. {main}() /home/ubuntu/workspace/index.php:0
[06-Jul-2017 23:25:01 UTC] PHP   2. require() /home/ubuntu/workspace/index.php:19
